<?xml version="1.0" encoding="UTF-8"?>
<!-- Generated by org.testng.reporters.JUnitXMLReporter -->
<testsuite ignored="0" hostname="GURU" failures="0" tests="13" name="SystemTesting" time="632.962" errors="0" timestamp="2024-03-15T17:11:17 IST">
  <testcase classname="vouchVerifyTestScript.UpiVerificationFlowForFree" name="validUpiVerification1" time="40.1"/>
  <testcase classname="vouchVerifyTestScript.UpiVerificationFlowForFree" name="validUpiVerification2" time="40.066"/>
  <testcase classname="vouchVerifyTestScript.UpiVerificationFlowForFree" name="inValidUpiVerification1" time="33.298"/>
  <testcase classname="vouchVerifyTestScript.UpiVerificationFlowForFree" name="inValidUpiVerification2" time="34.226"/>
  <testcase classname="vouchVerifyTestScript.AccVerificationFlowForFree" name="cashFreeVerification" time="34.851"/>
  <testcase classname="vouchVerifyTestScript.AccVerificationFlowForFree" name="iciciEnqVerification" time="34.133"/>
  <testcase classname="vouchVerifyTestScript.AccVerificationFlowForFree" name="pennyDropVerification" time="34.317"/>
  <testcase classname="vouchVerifyTestScript.AccVerificationFlowForFree" name="cashFreeInvalidVerification" time="33.722"/>
  <testcase classname="vouchVerifyTestScript.AccVerificationFlowForFree" name="iciciEnqInvalidVerification" time="34.69"/>
  <testcase classname="vouchVerifyTestScript.AccVerificationFlowForFree" name="pennyDropInvalidVerification" time="35.208"/>
  <testcase classname="vouchVerifyTestScript.AccVerificationFlowForFree" name="cashFreeFailedVerification" time="83.628"/>
  <testcase classname="vouchVerifyTestScript.AccVerificationFlowForFree" name="iciciEnqFailedVerification" time="83.198"/>
  <testcase classname="vouchVerifyTestScript.AccVerificationFlowForFree" name="pennyDropFailedVerification" time="82.411"/>
</testsuite> <!-- SystemTesting -->
